<?xml version="1.0" encoding="UTF-8"?>
<!-- Generated by org.testng.reporters.JUnitReportReporter -->
<testsuite hostname="DESKTOP-K6D606K" failures="0" tests="3" name="jira_api.TwitterTweetOperations" time="1.388" errors="0" timestamp="30 Jun 2018 19:23:06 GMT" skipped="0">
  <testcase classname="jira_api.TwitterTweetOperations" name="createTweet" time="0.780"/>
  <testcase classname="jira_api.TwitterTweetOperations" name="findLatestTweet" time="0.316"/>
  <testcase classname="jira_api.TwitterTweetOperations" name="removeCreatedTweet" time="0.292"/>
</testsuite> <!-- jira_api.TwitterTweetOperations -->
