<?xml version="1.0" encoding="UTF-8"?>
<!-- Generated by org.testng.reporters.JUnitReportReporter -->
<testsuite hostname="DESKTOP-K6D606K" failures="0" tests="4" name="jira_api.JIRAIssueOperations" time="0.846" errors="0" timestamp="2 Jul 2018 02:49:38 GMT">
  <testcase classname="jira_api.JIRAIssueOperations" name="c_addComment" time="0.183"/>
  <testcase classname="jira_api.JIRAIssueOperations" name="b_createSessionIssue" time="0.359"/>
  <testcase classname="jira_api.JIRAIssueOperations" name="a_createSession" time="0.088"/>
  <testcase classname="jira_api.JIRAIssueOperations" name="d_updateComment" time="0.216"/>
</testsuite> <!-- jira_api.JIRAIssueOperations -->
