<?xml version="1.0" encoding="UTF-8"?>
<!-- Generated by org.testng.reporters.JUnitReportReporter -->
<testsuite hostname="DESKTOP-K6D606K" name="MavenFramework.JIRA2" tests="1" failures="0" timestamp="14 Jun 2018 22:00:22 GMT" time="1.500" errors="0">
  <testcase name="acreateSession" time="1.500" classname="MavenFramework.JIRA2"/>
</testsuite> <!-- MavenFramework.JIRA2 -->
