<?xml version="1.0" encoding="UTF-8"?>
<!-- Generated by org.testng.reporters.JUnitReportReporter -->
<testsuite hostname="DESKTOP-K6D606K" failures="0" tests="4" name="jira_api.JIRAIssueOperations" time="0.768" errors="0" timestamp="1 Jul 2018 23:43:09 GMT">
  <testcase classname="jira_api.JIRAIssueOperations" name="c_addComment" time="0.179"/>
  <testcase classname="jira_api.JIRAIssueOperations" name="b_createSessionIssue" time="0.294"/>
  <testcase classname="jira_api.JIRAIssueOperations" name="a_createSession" time="0.083"/>
  <testcase classname="jira_api.JIRAIssueOperations" name="d_updateComment" time="0.212"/>
</testsuite> <!-- jira_api.JIRAIssueOperations -->
