<?xml version="1.0" encoding="UTF-8"?>
<!-- Generated by org.testng.reporters.JUnitReportReporter -->
<testsuite hostname="DESKTOP-K6D606K" name="MavenFramework.Demo6JIRACommenting" tests="1" failures="0" timestamp="14 Jun 2018 21:48:53 GMT" time="1.848" errors="0">
  <testcase name="acreateSession" time="1.848" classname="MavenFramework.Demo6JIRACommenting"/>
</testsuite> <!-- MavenFramework.Demo6JIRACommenting -->
