<?xml version="1.0" encoding="UTF-8"?>
<!-- Generated by org.testng.reporters.JUnitReportReporter -->
<testsuite hostname="DESKTOP-K6D606K" failures="0" tests="10" name="jira_api.JIRACommentOperations" time="5.356" errors="0" timestamp="30 Jun 2018 19:04:40 GMT" skipped="0">
  <testcase classname="jira_api.JIRACommentOperations" name="f_deleteComment2" time="0.204"/>
  <testcase classname="jira_api.JIRACommentOperations" name="c_addComment3" time="0.452"/>
  <testcase classname="jira_api.JIRACommentOperations" name="b_createSessionIssue" time="0.578"/>
  <testcase classname="jira_api.JIRACommentOperations" name="c_addComment1" time="0.560"/>
  <testcase classname="jira_api.JIRACommentOperations" name="c_addComment2" time="0.445"/>
  <testcase classname="jira_api.JIRACommentOperations" name="e_getComments" time="0.103"/>
  <testcase classname="jira_api.JIRACommentOperations" name="g_getComment" time="0.044"/>
  <testcase classname="jira_api.JIRACommentOperations" name="h_getCommentsAgain" time="0.040"/>
  <testcase classname="jira_api.JIRACommentOperations" name="a_createSession" time="2.549"/>
  <testcase classname="jira_api.JIRACommentOperations" name="d_updateComment" time="0.381"/>
</testsuite> <!-- jira_api.JIRACommentOperations -->
