<?xml version="1.0" encoding="UTF-8"?>
<!-- Generated by org.testng.reporters.JUnitReportReporter -->
<testsuite hostname="DESKTOP-K6D606K" failures="0" tests="10" name="jira_api.JIRACommentOperations" time="17.724" errors="0" timestamp="2 Jul 2018 02:49:38 GMT">
  <testcase classname="jira_api.JIRACommentOperations" name="a_createSession" time="2.305"/>
  <testcase classname="jira_api.JIRACommentOperations" name="f_deleteComment2" time="0.140"/>
  <testcase classname="jira_api.JIRACommentOperations" name="c_addComment3" time="0.237"/>
  <testcase classname="jira_api.JIRACommentOperations" name="g_getComment" time="0.046"/>
  <testcase classname="jira_api.JIRACommentOperations" name="b_createSessionIssue" time="13.950"/>
  <testcase classname="jira_api.JIRACommentOperations" name="d_updateComment" time="0.443"/>
  <testcase classname="jira_api.JIRACommentOperations" name="c_addComment1" time="0.241"/>
  <testcase classname="jira_api.JIRACommentOperations" name="c_addComment2" time="0.181"/>
  <testcase classname="jira_api.JIRACommentOperations" name="e_getComments" time="0.136"/>
  <testcase classname="jira_api.JIRACommentOperations" name="h_getCommentsAgain" time="0.045"/>
</testsuite> <!-- jira_api.JIRACommentOperations -->
