<?xml version="1.0" encoding="UTF-8"?>
<!-- Generated by org.testng.reporters.JUnitReportReporter -->
<testsuite hostname="DESKTOP-K6D606K" name="MavenFramework.Demo4" tests="1" failures="0" timestamp="14 Jun 2018 21:48:53 GMT" time="0.680" errors="0">
  <testcase name="TestPlaceIDVerification" time="0.680" classname="MavenFramework.Demo4"/>
</testsuite> <!-- MavenFramework.Demo4 -->
