<?xml version="1.0" encoding="UTF-8"?>
<!-- Generated by org.testng.reporters.JUnitReportReporter -->
<testsuite hostname="DESKTOP-K6D606K" failures="0" tests="4" name="jira_api.JIRAIssueOperations" time="1.213" errors="0" timestamp="30 Jun 2018 19:23:06 GMT" skipped="0">
  <testcase classname="jira_api.JIRAIssueOperations" name="c_addComment" time="0.237"/>
  <testcase classname="jira_api.JIRAIssueOperations" name="d_updateComment" time="0.289"/>
  <testcase classname="jira_api.JIRAIssueOperations" name="a_createSession" time="0.126"/>
  <testcase classname="jira_api.JIRAIssueOperations" name="b_createSessionIssue" time="0.561"/>
</testsuite> <!-- jira_api.JIRAIssueOperations -->
