<?xml version="1.0" encoding="UTF-8"?>
<!-- Generated by org.testng.reporters.JUnitReportReporter -->
<testsuite hostname="DESKTOP-K6D606K" failures="0" tests="3" name="twitter_api.TwitterTweetOperations" time="1.279" errors="0" timestamp="2 Jul 2018 22:21:07 GMT">
  <testcase classname="twitter_api.TwitterTweetOperations" name="removeCreatedTweet" time="0.325"/>
  <testcase classname="twitter_api.TwitterTweetOperations" name="createTweet" time="0.628"/>
  <testcase classname="twitter_api.TwitterTweetOperations" name="findLatestTweet" time="0.326"/>
</testsuite> <!-- twitter_api.TwitterTweetOperations -->
