<?xml version="1.0" encoding="UTF-8"?>
<!-- Generated by org.testng.reporters.JUnitReportReporter -->
<testsuite hostname="DESKTOP-K6D606K" failures="0" tests="2" name="twitter_api.TwitterUserOperations" time="0.675" errors="0" timestamp="2 Jul 2018 22:21:07 GMT">
  <testcase classname="twitter_api.TwitterUserOperations" name="findFriendsList" time="0.372"/>
  <testcase classname="twitter_api.TwitterUserOperations" name="findFollowersList" time="0.303"/>
</testsuite> <!-- twitter_api.TwitterUserOperations -->
