<?xml version="1.0" encoding="UTF-8"?>
<!-- Generated by org.testng.reporters.JUnitReportReporter -->
<testsuite hostname="DESKTOP-K6D606K" failures="0" tests="4" name="jira_api.JIRAIssueOperations" time="0.818" errors="0" timestamp="2 Jul 2018 22:21:07 GMT">
  <testcase classname="jira_api.JIRAIssueOperations" name="c_addComment" time="0.194"/>
  <testcase classname="jira_api.JIRAIssueOperations" name="a_createSession" time="0.088"/>
  <testcase classname="jira_api.JIRAIssueOperations" name="d_updateComment" time="0.210"/>
  <testcase classname="jira_api.JIRAIssueOperations" name="b_createSessionIssue" time="0.326"/>
</testsuite> <!-- jira_api.JIRAIssueOperations -->
