<?xml version="1.0" encoding="UTF-8"?>
<!-- Generated by org.testng.reporters.JUnitReportReporter -->
<testsuite hostname="DESKTOP-K6D606K" failures="0" tests="1" name="twitter_api.TwitterUserOperations" time="2.888" errors="0" timestamp="2 Jul 2018 06:50:43 GMT">
  <testcase classname="twitter_api.TwitterUserOperations" name="findFollowersList" time="2.888"/>
</testsuite> <!-- twitter_api.TwitterUserOperations -->
