<?xml version="1.0" encoding="UTF-8"?>
<!-- Generated by org.testng.reporters.JUnitReportReporter -->
<testsuite hostname="DESKTOP-K6D606K" failures="0" tests="2" name="twitter_api.TwitterUserOperations" time="3.313" errors="0" timestamp="2 Jul 2018 22:04:24 GMT">
  <testcase classname="twitter_api.TwitterUserOperations" name="findFriendsList" time="0.427"/>
  <testcase classname="twitter_api.TwitterUserOperations" name="findFollowersList" time="2.886"/>
</testsuite> <!-- twitter_api.TwitterUserOperations -->
