<?xml version="1.0" encoding="UTF-8"?>
<!-- Generated by org.testng.reporters.JUnitReportReporter -->
<testsuite hostname="DESKTOP-K6D606K" failures="0" tests="10" name="jira_api.JIRACommentOperations" time="3.579" errors="0" timestamp="30 Jun 2018 17:35:15 GMT">
  <testcase classname="jira_api.JIRACommentOperations" name="c_addComment2" time="0.163"/>
  <testcase classname="jira_api.JIRACommentOperations" name="d_updateComment" time="0.211"/>
  <testcase classname="jira_api.JIRACommentOperations" name="c_addComment3" time="0.169"/>
  <testcase classname="jira_api.JIRACommentOperations" name="h_getCommentsAgain" time="0.048"/>
  <testcase classname="jira_api.JIRACommentOperations" name="b_createSessionIssue" time="0.310"/>
  <testcase classname="jira_api.JIRACommentOperations" name="c_addComment1" time="0.225"/>
  <testcase classname="jira_api.JIRACommentOperations" name="g_getComment" time="0.045"/>
  <testcase classname="jira_api.JIRACommentOperations" name="f_deleteComment2" time="0.153"/>
  <testcase classname="jira_api.JIRACommentOperations" name="a_createSession" time="2.182"/>
  <testcase classname="jira_api.JIRACommentOperations" name="e_getComments" time="0.073"/>
</testsuite> <!-- jira_api.JIRACommentOperations -->
