<?xml version="1.0" encoding="UTF-8"?>
<!-- Generated by org.testng.reporters.JUnitReportReporter -->
<testsuite hostname="DESKTOP-K6D606K" name="MavenFramework.Demo5JIRAapi" tests="1" failures="0" timestamp="14 Jun 2018 21:48:53 GMT" time="0.548" errors="0">
  <testcase name="createSession" time="0.548" classname="MavenFramework.Demo5JIRAapi"/>
</testsuite> <!-- MavenFramework.Demo5JIRAapi -->
