<?xml version="1.0" encoding="UTF-8"?>
<!-- Generated by org.testng.reporters.JUnitReportReporter -->
<testsuite hostname="DESKTOP-K6D606K" name="jira_api.JIRA2" tests="10" failures="0" timestamp="15 Jun 2018 04:15:13 GMT" time="4.287" errors="0">
  <testcase name="c_addComment3" time="0.186" classname="jira_api.JIRA2"/>
  <testcase name="e_getComments" time="0.081" classname="jira_api.JIRA2"/>
  <testcase name="f_deleteComment2" time="0.201" classname="jira_api.JIRA2"/>
  <testcase name="d_updateComment" time="0.245" classname="jira_api.JIRA2"/>
  <testcase name="c_addComment1" time="0.212" classname="jira_api.JIRA2"/>
  <testcase name="g_getComment" time="0.066" classname="jira_api.JIRA2"/>
  <testcase name="b_createSessionIssue" time="0.399" classname="jira_api.JIRA2"/>
  <testcase name="a_createSession" time="2.679" classname="jira_api.JIRA2"/>
  <testcase name="h_getCommentsAgain" time="0.060" classname="jira_api.JIRA2"/>
  <testcase name="c_addComment2" time="0.158" classname="jira_api.JIRA2"/>
</testsuite> <!-- jira_api.JIRA2 -->
