<?xml version="1.0" encoding="UTF-8"?>
<!-- Generated by org.testng.reporters.JUnitReportReporter -->
<testsuite hostname="DESKTOP-K6D606K" failures="0" tests="4" name="jira_api.JIRA1" time="11.907" errors="0" timestamp="30 Jun 2018 02:56:40 GMT">
  <testcase classname="jira_api.JIRA1" name="a_createSession" time="5.049"/>
  <testcase classname="jira_api.JIRA1" name="b_createSessionIssue" time="5.486"/>
  <testcase classname="jira_api.JIRA1" name="d_updateComment" time="0.274"/>
  <testcase classname="jira_api.JIRA1" name="c_addComment" time="1.098"/>
</testsuite> <!-- jira_api.JIRA1 -->
