<?xml version="1.0" encoding="UTF-8"?>
<!-- Generated by org.testng.reporters.JUnitReportReporter -->
<testsuite hostname="DESKTOP-K6D606K" name="MavenFramework.Demo7Twitter" tests="3" failures="0" timestamp="14 Jun 2018 21:48:53 GMT" time="1.257" errors="0">
  <testcase name="createTweet" time="0.525" classname="MavenFramework.Demo7Twitter"/>
  <testcase name="findLatestTweet" time="0.388" classname="MavenFramework.Demo7Twitter"/>
  <testcase name="removeCreatedTweet" time="0.344" classname="MavenFramework.Demo7Twitter"/>
</testsuite> <!-- MavenFramework.Demo7Twitter -->
