<?xml version="1.0" encoding="UTF-8"?>
<!-- Generated by org.testng.reporters.JUnitReportReporter -->
<testsuite hostname="DESKTOP-K6D606K" name="MavenFramework.Demo2JSON" tests="1" failures="0" timestamp="14 Jun 2018 21:48:53 GMT" time="0.222" errors="0">
  <testcase name="TestPOSTAPICall" time="0.222" classname="MavenFramework.Demo2JSON"/>
</testsuite> <!-- MavenFramework.Demo2JSON -->
