<?xml version="1.0" encoding="UTF-8"?>
<!-- Generated by org.testng.reporters.JUnitReportReporter -->
<testsuite hostname="DESKTOP-K6D606K" name="MavenFramework.Twitter1" tests="3" failures="0" timestamp="14 Jun 2018 22:00:22 GMT" time="4.454" errors="0">
  <testcase name="createTweet" time="3.572" classname="MavenFramework.Twitter1"/>
  <testcase name="findLatestTweet" time="0.473" classname="MavenFramework.Twitter1"/>
  <testcase name="removeCreatedTweet" time="0.409" classname="MavenFramework.Twitter1"/>
</testsuite> <!-- MavenFramework.Twitter1 -->
