<?xml version="1.0" encoding="UTF-8"?>
<!-- Generated by org.testng.reporters.JUnitReportReporter -->
<testsuite hostname="DESKTOP-K6D606K" failures="0" tests="3" name="jira_api.TwitterTweetOperations" time="1.672" errors="0" timestamp="01 Jul 2018 20:40:07 GMT" skipped="0">
  <testcase classname="jira_api.TwitterTweetOperations" name="removeCreatedTweet" time="0.401"/>
  <testcase classname="jira_api.TwitterTweetOperations" name="findLatestTweet" time="0.432"/>
  <testcase classname="jira_api.TwitterTweetOperations" name="createTweet" time="0.839"/>
</testsuite> <!-- jira_api.TwitterTweetOperations -->
