<?xml version="1.0" encoding="UTF-8"?>
<!-- Generated by org.testng.reporters.JUnitReportReporter -->
<testsuite hostname="DESKTOP-K6D606K" name="jira_api.JIRACommentOperations" tests="10" failures="0" timestamp="15 Jun 2018 04:18:34 GMT" time="4.417" errors="0">
  <testcase name="c_addComment3" time="0.198" classname="jira_api.JIRACommentOperations"/>
  <testcase name="e_getComments" time="0.098" classname="jira_api.JIRACommentOperations"/>
  <testcase name="f_deleteComment2" time="0.139" classname="jira_api.JIRACommentOperations"/>
  <testcase name="d_updateComment" time="0.328" classname="jira_api.JIRACommentOperations"/>
  <testcase name="c_addComment1" time="0.231" classname="jira_api.JIRACommentOperations"/>
  <testcase name="g_getComment" time="0.051" classname="jira_api.JIRACommentOperations"/>
  <testcase name="b_createSessionIssue" time="0.434" classname="jira_api.JIRACommentOperations"/>
  <testcase name="a_createSession" time="2.757" classname="jira_api.JIRACommentOperations"/>
  <testcase name="h_getCommentsAgain" time="0.040" classname="jira_api.JIRACommentOperations"/>
  <testcase name="c_addComment2" time="0.141" classname="jira_api.JIRACommentOperations"/>
</testsuite> <!-- jira_api.JIRACommentOperations -->
