<?xml version="1.0" encoding="UTF-8"?>
<!-- Generated by org.testng.reporters.JUnitReportReporter -->
<testsuite hostname="DESKTOP-K6D606K" failures="0" tests="10" name="jira_api.JIRACommentOperations" time="4.210" errors="0" timestamp="1 Jul 2018 23:43:09 GMT">
  <testcase classname="jira_api.JIRACommentOperations" name="a_createSession" time="2.381"/>
  <testcase classname="jira_api.JIRACommentOperations" name="f_deleteComment2" time="0.134"/>
  <testcase classname="jira_api.JIRACommentOperations" name="c_addComment3" time="0.197"/>
  <testcase classname="jira_api.JIRACommentOperations" name="g_getComment" time="0.051"/>
  <testcase classname="jira_api.JIRACommentOperations" name="b_createSessionIssue" time="0.458"/>
  <testcase classname="jira_api.JIRACommentOperations" name="d_updateComment" time="0.283"/>
  <testcase classname="jira_api.JIRACommentOperations" name="c_addComment1" time="0.347"/>
  <testcase classname="jira_api.JIRACommentOperations" name="c_addComment2" time="0.197"/>
  <testcase classname="jira_api.JIRACommentOperations" name="e_getComments" time="0.115"/>
  <testcase classname="jira_api.JIRACommentOperations" name="h_getCommentsAgain" time="0.047"/>
</testsuite> <!-- jira_api.JIRACommentOperations -->
