<?xml version="1.0" encoding="UTF-8"?>
<!-- Generated by org.testng.reporters.JUnitReportReporter -->
<testsuite hostname="DESKTOP-K6D606K" name="MavenFramework.Demo7Twitter" tests="3" failures="0" timestamp="12 Jun 2018 01:34:10 GMT" time="1.590" errors="0">
  <testcase name="createTweet" time="0.587" classname="MavenFramework.Demo7Twitter"/>
  <testcase name="findLatestTweet" time="0.644" classname="MavenFramework.Demo7Twitter"/>
  <testcase name="removeCreatedTweet" time="0.359" classname="MavenFramework.Demo7Twitter"/>
</testsuite> <!-- MavenFramework.Demo7Twitter -->
