<?xml version="1.0" encoding="UTF-8"?>
<!-- Generated by org.testng.reporters.JUnitReportReporter -->
<testsuite hostname="DESKTOP-K6D606K" name="MavenFramework.Demo2XML" tests="1" failures="0" timestamp="12 Jun 2018 01:34:10 GMT" time="2.735" errors="0">
  <testcase name="TestPOSTAPICall" time="2.735" classname="MavenFramework.Demo2XML"/>
</testsuite> <!-- MavenFramework.Demo2XML -->
