<?xml version="1.0" encoding="UTF-8"?>
<!-- Generated by org.testng.reporters.JUnitReportReporter -->
<testsuite hostname="DESKTOP-K6D606K" name="MavenFramework.Demo6JIRACommenting" tests="1" failures="0" timestamp="12 Jun 2018 01:34:10 GMT" time="1.236" errors="0">
  <testcase name="acreateSession" time="1.236" classname="MavenFramework.Demo6JIRACommenting"/>
</testsuite> <!-- MavenFramework.Demo6JIRACommenting -->
