<?xml version="1.0" encoding="UTF-8"?>
<!-- Generated by org.testng.reporters.JUnitReportReporter -->
<testsuite hostname="DESKTOP-K6D606K" name="MavenFramework.Demo5JIRAapi" tests="1" failures="0" timestamp="12 Jun 2018 01:34:10 GMT" time="0.371" errors="0">
  <testcase name="createSession" time="0.371" classname="MavenFramework.Demo5JIRAapi"/>
</testsuite> <!-- MavenFramework.Demo5JIRAapi -->
